[36m--[0m Using CATKIN_DEVEL_PREFIX: /home/zoujoey/ADR_stuff/catkin_ws/devel/.private/beginner_tutorials
[36m--[0m Using CMAKE_PREFIX_PATH: /home/zoujoey/ADR_stuff/catkin_ws/devel;/opt/ros/noetic
[36m--[0m This workspace overlays: /home/zoujoey/ADR_stuff/catkin_ws/devel;/opt/ros/noetic
[36m--[0m Found PythonInterp: /usr/bin/python3 (found suitable version "3.8.10", minimum required is "3")
[36m--[0m Using PYTHON_EXECUTABLE: /usr/bin/python3
[36m--[0m Using Debian Python package layout
[36m--[0m Using empy: /usr/lib/python3/dist-packages/em.py
[36m--[0m Using CATKIN_ENABLE_TESTING: ON
[36m--[0m Call enable_testing()
[36m--[0m Using CATKIN_TEST_RESULTS_DIR: /home/zoujoey/ADR_stuff/catkin_ws/build/beginner_tutorials/test_results
[36m--[0m Forcing gtest/gmock from source, though one was otherwise available.
[36m--[0m Found gtest sources under '/usr/src/googletest': gtests will be built
[36m--[0m Found gmock sources under '/usr/src/googletest': gmock will be built
[36m--[0m Found PythonInterp: /usr/bin/python3 (found version "3.8.10")
[36m--[0m Using Python nosetests: /usr/bin/nosetests3
[36m--[0m catkin 0.8.10
[36m--[0m BUILD_SHARED_LIBS is on
[36m--[0m Using these message generators: gencpp;geneus;genlisp;gennodejs;genpy
[33m[1mCMake Warning[0m at /opt/ros/noetic/share/catkin/cmake/catkin_package.cmake:166 (message):
  catkin_package() DEPENDS on 'system_lib' but neither
  'system_lib_INCLUDE_DIRS' nor 'system_lib_LIBRARIES' is defined.
[36mCall Stack (most recent call first):[0m
  /opt/ros/noetic/share/catkin/cmake/catkin_package.cmake:102 (_catkin_package)
  CMakeLists.txt:98 (catkin_package)


[36m--[0m Configuring done
[31m[1mCMake Error[0m at /home/zoujoey/ADR_stuff/catkin_ws/src/beginner_tutorials/CMakeLists.txt:149 (add_dependencies):
  The dependency target "beginner_tutorials_generate_messages_cpp" of target
  "talker" does not exist.


[31m[1mCMake Error[0m at /home/zoujoey/ADR_stuff/catkin_ws/src/beginner_tutorials/CMakeLists.txt:153 (add_dependencies):
  The dependency target "beginner_tutorials_generate_messages_cpp" of target
  "listener" does not exist.


[36m--[0m Generating done
CMake Generate step failed.  Build files cannot be regenerated correctly.
make: *** [Makefile:632: cmake_check_build_system] Error 1
