Symlinking /home/zoujoey/ADR_stuff/catkin_ws/devel/include/beginner_tutorials/Num.h
Symlinking /home/zoujoey/ADR_stuff/catkin_ws/devel/include/beginner_tutorials/AddTwoIntsResponse.h
Symlinking /home/zoujoey/ADR_stuff/catkin_ws/devel/include/beginner_tutorials/AddTwoIntsRequest.h
Symlinking /home/zoujoey/ADR_stuff/catkin_ws/devel/include/beginner_tutorials/AddTwoInts.h
Symlinking /home/zoujoey/ADR_stuff/catkin_ws/devel/lib/beginner_tutorials/listener
Symlinking /home/zoujoey/ADR_stuff/catkin_ws/devel/lib/beginner_tutorials/talker
Symlinking /home/zoujoey/ADR_stuff/catkin_ws/devel/lib/python3/dist-packages/beginner_tutorials/__init__.py
Symlinking /home/zoujoey/ADR_stuff/catkin_ws/devel/lib/python3/dist-packages/beginner_tutorials/msg/_Num.py
Symlinking /home/zoujoey/ADR_stuff/catkin_ws/devel/lib/python3/dist-packages/beginner_tutorials/msg/__init__.py
Symlinking /home/zoujoey/ADR_stuff/catkin_ws/devel/lib/python3/dist-packages/beginner_tutorials/srv/_AddTwoInts.py
Symlinking /home/zoujoey/ADR_stuff/catkin_ws/devel/lib/python3/dist-packages/beginner_tutorials/srv/__init__.py
Linked: (/home/zoujoey/ADR_stuff/catkin_ws/devel/.private/beginner_tutorials/lib/pkgconfig/beginner_tutorials.pc, /home/zoujoey/ADR_stuff/catkin_ws/devel/lib/pkgconfig/beginner_tutorials.pc)
Symlinking /home/zoujoey/ADR_stuff/catkin_ws/devel/share/beginner_tutorials/cmake/beginner_tutorials-msg-extras.cmake
Symlinking /home/zoujoey/ADR_stuff/catkin_ws/devel/share/beginner_tutorials/cmake/beginner_tutorials-msg-paths.cmake
Linked: (/home/zoujoey/ADR_stuff/catkin_ws/devel/.private/beginner_tutorials/share/beginner_tutorials/cmake/beginner_tutorialsConfig-version.cmake, /home/zoujoey/ADR_stuff/catkin_ws/devel/share/beginner_tutorials/cmake/beginner_tutorialsConfig-version.cmake)
Linked: (/home/zoujoey/ADR_stuff/catkin_ws/devel/.private/beginner_tutorials/share/beginner_tutorials/cmake/beginner_tutorialsConfig.cmake, /home/zoujoey/ADR_stuff/catkin_ws/devel/share/beginner_tutorials/cmake/beginner_tutorialsConfig.cmake)
Symlinking /home/zoujoey/ADR_stuff/catkin_ws/devel/share/roseus/ros/beginner_tutorials/manifest.l
Symlinking /home/zoujoey/ADR_stuff/catkin_ws/devel/share/roseus/ros/beginner_tutorials/msg/Num.l
Symlinking /home/zoujoey/ADR_stuff/catkin_ws/devel/share/roseus/ros/beginner_tutorials/srv/AddTwoInts.l
Symlinking /home/zoujoey/ADR_stuff/catkin_ws/devel/share/common-lisp/ros/beginner_tutorials/msg/Num.lisp
Symlinking /home/zoujoey/ADR_stuff/catkin_ws/devel/share/common-lisp/ros/beginner_tutorials/msg/beginner_tutorials-msg.asd
Symlinking /home/zoujoey/ADR_stuff/catkin_ws/devel/share/common-lisp/ros/beginner_tutorials/msg/_package_Num.lisp
Symlinking /home/zoujoey/ADR_stuff/catkin_ws/devel/share/common-lisp/ros/beginner_tutorials/msg/_package.lisp
Symlinking /home/zoujoey/ADR_stuff/catkin_ws/devel/share/common-lisp/ros/beginner_tutorials/srv/_package_AddTwoInts.lisp
Symlinking /home/zoujoey/ADR_stuff/catkin_ws/devel/share/common-lisp/ros/beginner_tutorials/srv/AddTwoInts.lisp
Symlinking /home/zoujoey/ADR_stuff/catkin_ws/devel/share/common-lisp/ros/beginner_tutorials/srv/beginner_tutorials-srv.asd
Symlinking /home/zoujoey/ADR_stuff/catkin_ws/devel/share/common-lisp/ros/beginner_tutorials/srv/_package.lisp
Symlinking /home/zoujoey/ADR_stuff/catkin_ws/devel/share/gennodejs/ros/beginner_tutorials/_index.js
Symlinking /home/zoujoey/ADR_stuff/catkin_ws/devel/share/gennodejs/ros/beginner_tutorials/msg/Num.js
Symlinking /home/zoujoey/ADR_stuff/catkin_ws/devel/share/gennodejs/ros/beginner_tutorials/msg/_index.js
Symlinking /home/zoujoey/ADR_stuff/catkin_ws/devel/share/gennodejs/ros/beginner_tutorials/srv/_index.js
Symlinking /home/zoujoey/ADR_stuff/catkin_ws/devel/share/gennodejs/ros/beginner_tutorials/srv/AddTwoInts.js
