[01m[K/home/zoujoey/Personal_Projects/kalman_ws/src/EKF_Filter/src/ex1_EKFilter.cpp:[m[K In function ‘[01m[Kint main(int, char**)[m[K’:
[01m[K/home/zoujoey/Personal_Projects/kalman_ws/src/EKF_Filter/src/ex1_EKFilter.cpp:77:29:[m[K [01;31m[Kerror: [m[K‘[01m[Kgeometry_msgs::TwistWithCovariance_<std::allocator<void> >::_twist_type[m[K’ {aka ‘[01m[Kstruct geometry_msgs::Twist_<std::allocator<void> >[m[K’} has no member named ‘[01m[Kliner[m[K’; did you mean ‘[01m[Klinear[m[K’?
   77 |         pos_msg.twist.twist.[01;31m[Kliner[m[K.x = vx;
      |                             [01;31m[K^~~~~[m[K
      |                             [32m[Klinear[m[K
[01m[K/home/zoujoey/Personal_Projects/kalman_ws/src/EKF_Filter/src/ex1_EKFilter.cpp:78:29:[m[K [01;31m[Kerror: [m[K‘[01m[Kgeometry_msgs::TwistWithCovariance_<std::allocator<void> >::_twist_type[m[K’ {aka ‘[01m[Kstruct geometry_msgs::Twist_<std::allocator<void> >[m[K’} has no member named ‘[01m[Kliner[m[K’; did you mean ‘[01m[Klinear[m[K’?
   78 |         pos_msg.twist.twist.[01;31m[Kliner[m[K.y = vy;
      |                             [01;31m[K^~~~~[m[K
      |                             [32m[Klinear[m[K
[01m[K/home/zoujoey/Personal_Projects/kalman_ws/src/EKF_Filter/src/ex1_EKFilter.cpp:79:29:[m[K [01;31m[Kerror: [m[K‘[01m[Kgeometry_msgs::TwistWithCovariance_<std::allocator<void> >::_twist_type[m[K’ {aka ‘[01m[Kstruct geometry_msgs::Twist_<std::allocator<void> >[m[K’} has no member named ‘[01m[Kliner[m[K’; did you mean ‘[01m[Klinear[m[K’?
   79 |         pos_msg.twist.twist.[01;31m[Kliner[m[K.z = 0;
      |                             [01;31m[K^~~~~[m[K
      |                             [32m[Klinear[m[K
[01m[K/home/zoujoey/Personal_Projects/kalman_ws/src/EKF_Filter/src/ex1_EKFilter.cpp:81:82:[m[K [01;31m[Kerror: [m[K‘[01m[Kz[m[K’ was not declared in this scope
   81 |         std::cout << "actual position of the drone: " << x << "," << y << "," << [01;31m[Kz[m[K << "," << t << std::endl;
      |                                                                                  [01;31m[K^[m[K
[01m[K/home/zoujoey/Personal_Projects/kalman_ws/src/EKF_Filter/src/ex1_EKFilter.cpp:94:25:[m[K [01;31m[Kerror: [m[K‘[01m[Kgeometry_msgs::TwistWithCovariance_<std::allocator<void> >::_twist_type[m[K’ {aka ‘[01m[Kstruct geometry_msgs::Twist_<std::allocator<void> >[m[K’} has no member named ‘[01m[Kliner[m[K’; did you mean ‘[01m[Klinear[m[K’?
   94 |         msg.twist.twist.[01;31m[Kliner[m[K.x = vx;
      |                         [01;31m[K^~~~~[m[K
      |                         [32m[Klinear[m[K
[01m[K/home/zoujoey/Personal_Projects/kalman_ws/src/EKF_Filter/src/ex1_EKFilter.cpp:95:25:[m[K [01;31m[Kerror: [m[K‘[01m[Kgeometry_msgs::TwistWithCovariance_<std::allocator<void> >::_twist_type[m[K’ {aka ‘[01m[Kstruct geometry_msgs::Twist_<std::allocator<void> >[m[K’} has no member named ‘[01m[Kliner[m[K’; did you mean ‘[01m[Klinear[m[K’?
   95 |         msg.twist.twist.[01;31m[Kliner[m[K.y = vy;
      |                         [01;31m[K^~~~~[m[K
      |                         [32m[Klinear[m[K
[01m[K/home/zoujoey/Personal_Projects/kalman_ws/src/EKF_Filter/src/ex1_EKFilter.cpp:96:25:[m[K [01;31m[Kerror: [m[K‘[01m[Kgeometry_msgs::TwistWithCovariance_<std::allocator<void> >::_twist_type[m[K’ {aka ‘[01m[Kstruct geometry_msgs::Twist_<std::allocator<void> >[m[K’} has no member named ‘[01m[Kliner[m[K’; did you mean ‘[01m[Klinear[m[K’?
   96 |         msg.twist.twist.[01;31m[Kliner[m[K.z = 0;
      |                         [01;31m[K^~~~~[m[K
      |                         [32m[Klinear[m[K
make[2]: *** [CMakeFiles/Noisy_Circular_Data_Generator.dir/build.make:63: CMakeFiles/Noisy_Circular_Data_Generator.dir/src/ex1_EKFilter.cpp.o] Error 1
make[1]: *** [CMakeFiles/Makefile2:1465: CMakeFiles/Noisy_Circular_Data_Generator.dir/all] Error 2
make: *** [Makefile:141: all] Error 2
