[01m[K/home/zoujoey/Personal_Projects/kalman_ws/src/EKF_Filter/src/ex1_EKFilter.cpp:[m[K In function ‘[01m[Kint main(int, char**)[m[K’:
[01m[K/home/zoujoey/Personal_Projects/kalman_ws/src/EKF_Filter/src/ex1_EKFilter.cpp:86:15:[m[K [01;31m[Kerror: [m[K‘[01m[Kmath[m[K’ was not declared in this scope; did you mean ‘[01m[Kboost::math[m[K’?
   86 |         phi = [01;31m[Kmath[m[K.pi/2;
      |               [01;31m[K^~~~[m[K
      |               [32m[Kboost::math[m[K
In file included from [01m[K/usr/include/boost/math/special_functions/round.hpp:13[m[K,
                 from [01m[K/opt/ros/noetic/include/ros/time.h:58[m[K,
                 from [01m[K/opt/ros/noetic/include/ros/ros.h:38[m[K,
                 from [01m[K/home/zoujoey/Personal_Projects/kalman_ws/src/EKF_Filter/src/ex1_EKFilter.cpp:1[m[K:
[01m[K/usr/include/boost/math/tools/config.hpp:336:28:[m[K [01;36m[Knote: [m[K‘[01m[Kboost::math[m[K’ declared here
  336 | namespace boost{ namespace [01;36m[Kmath[m[K{
      |                            [01;36m[K^~~~[m[K
make[2]: *** [CMakeFiles/Noisy_Circular_Data_Generator.dir/build.make:63: CMakeFiles/Noisy_Circular_Data_Generator.dir/src/ex1_EKFilter.cpp.o] Error 1
make[1]: *** [CMakeFiles/Makefile2:1494: CMakeFiles/Noisy_Circular_Data_Generator.dir/all] Error 2
make[1]: *** Waiting for unfinished jobs....
[01m[K/home/zoujoey/Personal_Projects/kalman_ws/src/EKF_Filter/src/EK_Filter.cpp:[m[K In member function ‘[01m[Kvoid EKalman::EK_Filter::odom_Callback(const Odometry&)[m[K’:
[01m[K/home/zoujoey/Personal_Projects/kalman_ws/src/EKF_Filter/src/EK_Filter.cpp:66:20:[m[K [01;31m[Kerror: [m[K‘[01m[Kmath[m[K’ was not declared in this scope; did you mean ‘[01m[Kboost::math[m[K’?
   66 |     x   << y(0),0, [01;31m[Kmath[m[K.pi/2;
      |                    [01;31m[K^~~~[m[K
      |                    [32m[Kboost::math[m[K
In file included from [01m[K/usr/include/boost/math/special_functions/round.hpp:13[m[K,
                 from [01m[K/opt/ros/noetic/include/ros/time.h:58[m[K,
                 from [01m[K/opt/ros/noetic/include/ros/serialization.h:34[m[K,
                 from [01m[K/opt/ros/noetic/include/nav_msgs/Odometry.h:14[m[K,
                 from [01m[K/home/zoujoey/Personal_Projects/kalman_ws/src/EKF_Filter/src/EK_Filter.h:1[m[K,
                 from [01m[K/home/zoujoey/Personal_Projects/kalman_ws/src/EKF_Filter/src/EK_Filter.cpp:1[m[K:
[01m[K/usr/include/boost/math/tools/config.hpp:336:28:[m[K [01;36m[Knote: [m[K‘[01m[Kboost::math[m[K’ declared here
  336 | namespace boost{ namespace [01;36m[Kmath[m[K{
      |                            [01;36m[K^~~~[m[K
make[2]: *** [CMakeFiles/EK_Filter.dir/build.make:76: CMakeFiles/EK_Filter.dir/src/EK_Filter.cpp.o] Error 1
make[1]: *** [CMakeFiles/Makefile2:1305: CMakeFiles/EK_Filter.dir/all] Error 2
make: *** [Makefile:141: all] Error 2
